Determining if the pthread_create exist failed with the following output:
Change Dir: /home/jimmy/Bureau/UCL/Advanced_Numerical_Method/LMECA2300-seminar/CMakeFiles/CMakeTmp

Run Build Command:"/usr/bin/make" "cmTC_7015c/fast"
/usr/bin/make -f CMakeFiles/cmTC_7015c.dir/build.make CMakeFiles/cmTC_7015c.dir/build
make[1] : on entre dans le répertoire « /home/jimmy/Bureau/UCL/Advanced_Numerical_Method/LMECA2300-seminar/CMakeFiles/CMakeTmp »
Building C object CMakeFiles/cmTC_7015c.dir/CheckSymbolExists.c.o
/usr/bin/cc    -o CMakeFiles/cmTC_7015c.dir/CheckSymbolExists.c.o   -c /home/jimmy/Bureau/UCL/Advanced_Numerical_Method/LMECA2300-seminar/CMakeFiles/CMakeTmp/CheckSymbolExists.c
Linking C executable cmTC_7015c
/usr/bin/cmake -E cmake_link_script CMakeFiles/cmTC_7015c.dir/link.txt --verbose=1
/usr/bin/cc      -rdynamic CMakeFiles/cmTC_7015c.dir/CheckSymbolExists.c.o  -o cmTC_7015c 
CMakeFiles/cmTC_7015c.dir/CheckSymbolExists.c.o : Dans la fonction « main » :
CheckSymbolExists.c:(.text+0x1b) : référence indéfinie vers « pthread_create »
collect2: error: ld returned 1 exit status
CMakeFiles/cmTC_7015c.dir/build.make:97: recipe for target 'cmTC_7015c' failed
make[1]: *** [cmTC_7015c] Error 1
make[1] : on quitte le répertoire « /home/jimmy/Bureau/UCL/Advanced_Numerical_Method/LMECA2300-seminar/CMakeFiles/CMakeTmp »
Makefile:126: recipe for target 'cmTC_7015c/fast' failed
make: *** [cmTC_7015c/fast] Error 2

File /home/jimmy/Bureau/UCL/Advanced_Numerical_Method/LMECA2300-seminar/CMakeFiles/CMakeTmp/CheckSymbolExists.c:
/* */
#include <pthread.h>

int main(int argc, char** argv)
{
  (void)argv;
#ifndef pthread_create
  return ((int*)(&pthread_create))[argc];
#else
  (void)argc;
  return 0;
#endif
}

Determining if the function pthread_create exists in the pthreads failed with the following output:
Change Dir: /home/jimmy/Bureau/UCL/Advanced_Numerical_Method/LMECA2300-seminar/CMakeFiles/CMakeTmp

Run Build Command:"/usr/bin/make" "cmTC_80d1a/fast"
/usr/bin/make -f CMakeFiles/cmTC_80d1a.dir/build.make CMakeFiles/cmTC_80d1a.dir/build
make[1] : on entre dans le répertoire « /home/jimmy/Bureau/UCL/Advanced_Numerical_Method/LMECA2300-seminar/CMakeFiles/CMakeTmp »
Building C object CMakeFiles/cmTC_80d1a.dir/CheckFunctionExists.c.o
/usr/bin/cc   -DCHECK_FUNCTION_EXISTS=pthread_create   -o CMakeFiles/cmTC_80d1a.dir/CheckFunctionExists.c.o   -c /usr/share/cmake-3.10/Modules/CheckFunctionExists.c
Linking C executable cmTC_80d1a
/usr/bin/cmake -E cmake_link_script CMakeFiles/cmTC_80d1a.dir/link.txt --verbose=1
/usr/bin/cc  -DCHECK_FUNCTION_EXISTS=pthread_create    -rdynamic CMakeFiles/cmTC_80d1a.dir/CheckFunctionExists.c.o  -o cmTC_80d1a -lpthreads 
/usr/bin/ld : ne peut trouver -lpthreads
collect2: error: ld returned 1 exit status
CMakeFiles/cmTC_80d1a.dir/build.make:97: recipe for target 'cmTC_80d1a' failed
make[1]: *** [cmTC_80d1a] Error 1
make[1] : on quitte le répertoire « /home/jimmy/Bureau/UCL/Advanced_Numerical_Method/LMECA2300-seminar/CMakeFiles/CMakeTmp »
Makefile:126: recipe for target 'cmTC_80d1a/fast' failed
make: *** [cmTC_80d1a/fast] Error 2


